*** Example of spg_find_primitive (BCC unitcell --> primitive) ***:
Lattice parameter:
-2.000000 2.000000 2.000000
2.000000 -2.000000 2.000000
2.000000 2.000000 -2.000000
Atomic positions:
1: 0.000000 0.000000 0.000000
*** Example of spg_find_primitive (Corundum) ***:
Lattice parameter:
2.403817 1.387845 4.372423
-2.403817 1.387845 4.372423
0.000000 -2.775689 4.372423
Atomic positions:
1: 0.352185 0.352185 0.352185
1: 0.647815 0.647815 0.647815
1: 0.147815 0.147815 0.147815
1: 0.852185 0.852185 0.852185
2: 0.556167 0.943833 0.250000
2: 0.443833 0.056167 0.750000
2: 0.250000 0.556167 0.943833
2: 0.750000 0.443833 0.056167
2: 0.943833 0.250000 0.556167
2: 0.056167 0.750000 0.443833
*** Example of spg_standardize_cell (BCC unitcell) ***:
------------------------------------------------------
VASP POSCAR format: to_primitive=0 and no_idealize=0
1.0
4.000000 0.000000 0.000000
0.000000 4.000000 0.000000
0.000000 0.000000 4.000000
2
Direct
0.500000 0.500000 0.500000
0.000000 0.000000 0.000000
------------------------------------------------------
VASP POSCAR format: to_primitive=0 and no_idealize=1
1.0
0.000000 -4.030000 0.000000
0.000000 0.000000 -4.000000
3.970000 0.000000 0.000000
2
Direct
0.499950 0.500000 0.501000
0.999950 0.000000 0.001000
------------------------------------------------------
VASP POSCAR format: to_primitive=1 and no_idealize=0
1.0
-2.000000 2.000000 2.000000
2.000000 -2.000000 2.000000
2.000000 2.000000 -2.000000
1
Direct
0.000000 0.000000 0.000000
------------------------------------------------------
VASP POSCAR format: to_primitive=1 and no_idealize=1
1.0
1.985000 2.015000 -2.000000
1.985000 -2.015000 2.000000
-1.985000 -2.015000 -2.000000
1
Direct
0.001000 0.000950 0.999950
------------------------------------------------------
*** Example of spg_standardize_cell (BCC primitive) ***:
------------------------------------------------------
VASP POSCAR format: to_primitive=0 and no_idealize=0
1.0
4.000117 0.000000 0.000000
0.000000 4.000117 0.000000
0.000000 0.000000 4.000117
2
Direct
0.500000 0.500000 0.500000
0.000000 0.500000 0.000000
------------------------------------------------------
VASP POSCAR format: to_primitive=0 and no_idealize=1
1.0
0.010000 0.020000 -4.000000
-0.010000 4.000000 -0.030000
4.000000 -0.020000 -0.030000
2
Direct
0.499000 0.501000 0.499000
0.999000 0.499000 0.999000
------------------------------------------------------
VASP POSCAR format: to_primitive=1 and no_idealize=0
1.0
-2.000058 2.000058 2.000058
2.000058 -2.000058 2.000058
2.000058 2.000058 -2.000058
1
Direct
0.000000 0.000000 0.000000
------------------------------------------------------
VASP POSCAR format: to_primitive=1 and no_idealize=1
1.0
1.990000 1.980000 1.970000
2.010000 -2.000000 -2.000000
-2.000000 2.020000 -2.000000
1
Direct
0.000000 0.998000 0.000000
------------------------------------------------------
*** Example of spg_standardize_cell (Corundum) ***:
------------------------------------------------------
VASP POSCAR format: to_primitive=0 and no_idealize=0
1.0
4.807634 0.000000 0.000000
-2.403817 4.163534 0.000000
0.000000 0.000000 13.117270
30
Direct
0.333333 0.666667 0.018852
0.333333 0.666667 0.314482
0.000000 0.000000 0.147815
0.666667 0.333333 0.185518
0.306167 0.000000 0.250000
0.360499 0.333333 0.083333
0.000000 0.306167 0.250000
0.666667 0.027166 0.083333
0.693833 0.693833 0.250000
0.972834 0.639501 0.083333
0.000000 0.000000 0.352185
0.000000 0.000000 0.647815
0.666667 0.333333 0.481148
0.333333 0.666667 0.518852
0.972834 0.333333 0.583333
0.027166 0.666667 0.416667
0.666667 0.639501 0.583333
0.333333 0.360499 0.416667
0.360499 0.027166 0.583333
0.639501 0.972834 0.416667
0.666667 0.333333 0.685518
0.666667 0.333333 0.981148
0.333333 0.666667 0.814482
0.000000 0.000000 0.852185
0.639501 0.666667 0.916667
0.693833 0.000000 0.750000
0.333333 0.972834 0.916667
0.000000 0.693833 0.750000
0.027166 0.360499 0.916667
0.306167 0.306167 0.750000
------------------------------------------------------
VASP POSCAR format: to_primitive=0 and no_idealize=1
1.0
4.807634 0.000000 0.000000
-2.403817 4.163534 0.000000
0.000000 0.000000 13.117270
30
Direct
0.000000 0.000000 0.352185
0.000000 0.000000 0.647815
0.000000 0.000000 0.147815
0.000000 0.000000 0.852185
0.972834 0.333333 0.583333
0.027166 0.666667 0.416667
0.666667 0.639501 0.583333
0.333333 0.360499 0.416667
0.360499 0.027166 0.583333
0.639501 0.972834 0.416667
0.666667 0.333333 0.685518
0.666667 0.333333 0.981148
0.666667 0.333333 0.481148
0.666667 0.333333 0.185518
0.639501 0.666667 0.916667
0.693833 0.000000 0.750000
0.333333 0.972834 0.916667
0.000000 0.693833 0.750000
0.027166 0.360499 0.916667
0.306167 0.306167 0.750000
0.333333 0.666667 0.018852
0.333333 0.666667 0.314482
0.333333 0.666667 0.814482
0.333333 0.666667 0.518852
0.306167 1.000000 0.250000
0.360499 0.333333 0.083333
0.000000 0.306167 0.250000
0.666667 0.027166 0.083333
0.693833 0.693833 0.250000
0.972834 0.639501 0.083333
------------------------------------------------------
VASP POSCAR format: to_primitive=1 and no_idealize=0
1.0
2.403817 1.387845 4.372423
-2.403817 1.387845 4.372423
0.000000 -2.775689 4.372423
10
Direct
0.352185 0.352185 0.352185
0.647815 0.647815 0.647815
0.147815 0.147815 0.147815
0.852185 0.852185 0.852185
0.556167 0.943833 0.250000
0.443833 0.056167 0.750000
0.250000 0.556167 0.943833
0.750000 0.443833 0.056167
0.943833 0.250000 0.556167
0.056167 0.750000 0.443833
------------------------------------------------------
VASP POSCAR format: to_primitive=1 and no_idealize=1
1.0
2.403817 1.387845 4.372423
-2.403817 1.387845 4.372423
0.000000 -2.775689 4.372423
10
Direct
0.352185 0.352185 0.352185
0.647815 0.647815 0.647815
0.147815 0.147815 0.147815
0.852185 0.852185 0.852185
0.556167 0.943833 0.250000
0.443833 0.056167 0.750000
0.250000 0.556167 0.943833
0.750000 0.443833 0.056167
0.943833 0.250000 0.556167
0.056167 0.750000 0.443833
------------------------------------------------------
*** Example of spg_get_multiplicity ***:
Number of symmetry operations: 48
*** Example of spg_get_symmetry (Rutile two unit cells) ***:
--- 1 ---
 1  0  0
 0  1  0
 0  0  1
0.000000 0.000000 0.000000
--- 2 ---
-1  0  0
 0 -1  0
 0  0 -1
0.200000 0.200000 0.000000
--- 3 ---
 0 -1  0
 1  0  0
 0  0  1
0.700000 0.500000 0.250000
--- 4 ---
 0  1  0
-1  0  0
 0  0 -1
0.500000 0.700000 0.250000
--- 5 ---
-1  0  0
 0 -1  0
 0  0  1
0.200000 0.200000 0.000000
--- 6 ---
 1  0  0
 0  1  0
 0  0 -1
0.000000 0.000000 0.000000
--- 7 ---
 0  1  0
-1  0  0
 0  0  1
0.500000 0.700000 0.250000
--- 8 ---
 0 -1  0
 1  0  0
 0  0 -1
0.700000 0.500000 0.250000
--- 9 ---
 1  0  0
 0 -1  0
 0  0 -1
0.500000 0.700000 0.250000
--- 10 ---
-1  0  0
 0  1  0
 0  0  1
0.700000 0.500000 0.250000
--- 11 ---
 0 -1  0
-1  0  0
 0  0 -1
0.200000 0.200000 0.000000
--- 12 ---
 0  1  0
 1  0  0
 0  0  1
0.000000 0.000000 0.000000
--- 13 ---
-1  0  0
 0  1  0
 0  0 -1
0.700000 0.500000 0.250000
--- 14 ---
 1  0  0
 0 -1  0
 0  0  1
0.500000 0.700000 0.250000
--- 15 ---
 0  1  0
 1  0  0
 0  0 -1
0.000000 0.000000 0.000000
--- 16 ---
 0 -1  0
-1  0  0
 0  0  1
0.200000 0.200000 0.000000
--- 17 ---
 1  0  0
 0  1  0
 0  0  1
0.000000 0.000000 0.500000
--- 18 ---
-1  0  0
 0 -1  0
 0  0 -1
0.200000 0.200000 0.500000
--- 19 ---
 0 -1  0
 1  0  0
 0  0  1
0.700000 0.500000 0.750000
--- 20 ---
 0  1  0
-1  0  0
 0  0 -1
0.500000 0.700000 0.750000
--- 21 ---
-1  0  0
 0 -1  0
 0  0  1
0.200000 0.200000 0.500000
--- 22 ---
 1  0  0
 0  1  0
 0  0 -1
0.000000 0.000000 0.500000
--- 23 ---
 0  1  0
-1  0  0
 0  0  1
0.500000 0.700000 0.750000
--- 24 ---
 0 -1  0
 1  0  0
 0  0 -1
0.700000 0.500000 0.750000
--- 25 ---
 1  0  0
 0 -1  0
 0  0 -1
0.500000 0.700000 0.750000
--- 26 ---
-1  0  0
 0  1  0
 0  0  1
0.700000 0.500000 0.750000
--- 27 ---
 0 -1  0
-1  0  0
 0  0 -1
0.200000 0.200000 0.500000
--- 28 ---
 0  1  0
 1  0  0
 0  0  1
0.000000 0.000000 0.500000
--- 29 ---
-1  0  0
 0  1  0
 0  0 -1
0.700000 0.500000 0.750000
--- 30 ---
 1  0  0
 0 -1  0
 0  0  1
0.500000 0.700000 0.750000
--- 31 ---
 0  1  0
 1  0  0
 0  0 -1
0.000000 0.000000 0.500000
--- 32 ---
 0 -1  0
-1  0  0
 0  0  1
0.200000 0.200000 0.500000
*** Example of spg_get_symmetry_with_spin (BCC ferro) ***:
--- 1 ---
 1  0  0
 0  1  0
 0  0  1
0.000000 0.000000 0.000000
--- 2 ---
-1  0  0
 0 -1  0
 0  0 -1
0.000000 0.000000 0.000000
--- 3 ---
 1  0  0
 0  0 -1
 0  1  0
0.000000 0.000000 0.000000
--- 4 ---
-1  0  0
 0  0  1
 0 -1  0
0.000000 0.000000 0.000000
--- 5 ---
 1  0  0
 0 -1  0
 0  0 -1
0.000000 0.000000 0.000000
--- 6 ---
-1  0  0
 0  1  0
 0  0  1
0.000000 0.000000 0.000000
--- 7 ---
 1  0  0
 0  0  1
 0 -1  0
0.000000 0.000000 0.000000
--- 8 ---
-1  0  0
 0  0 -1
 0  1  0
0.000000 0.000000 0.000000
--- 9 ---
-1  0  0
 0 -1  0
 0  0  1
0.000000 0.000000 0.000000
--- 10 ---
 1  0  0
 0  1  0
 0  0 -1
0.000000 0.000000 0.000000
--- 11 ---
-1  0  0
 0  0  1
 0  1  0
0.000000 0.000000 0.000000
--- 12 ---
 1  0  0
 0  0 -1
 0 -1  0
0.000000 0.000000 0.000000
--- 13 ---
-1  0  0
 0  1  0
 0  0 -1
0.000000 0.000000 0.000000
--- 14 ---
 1  0  0
 0 -1  0
 0  0  1
0.000000 0.000000 0.000000
--- 15 ---
-1  0  0
 0  0 -1
 0 -1  0
0.000000 0.000000 0.000000
--- 16 ---
 1  0  0
 0  0  1
 0  1  0
0.000000 0.000000 0.000000
--- 17 ---
 0  1  0
 0  0 -1
-1  0  0
0.000000 0.000000 0.000000
--- 18 ---
 0 -1  0
 0  0  1
 1  0  0
0.000000 0.000000 0.000000
--- 19 ---
 0  0 -1
 0 -1  0
-1  0  0
0.000000 0.000000 0.000000
--- 20 ---
 0  0  1
 0  1  0
 1  0  0
0.000000 0.000000 0.000000
--- 21 ---
 0 -1  0
 0  0  1
-1  0  0
0.000000 0.000000 0.000000
--- 22 ---
 0  1  0
 0  0 -1
 1  0  0
0.000000 0.000000 0.000000
--- 23 ---
 0  0  1
 0  1  0
-1  0  0
0.000000 0.000000 0.000000
--- 24 ---
 0  0 -1
 0 -1  0
 1  0  0
0.000000 0.000000 0.000000
--- 25 ---
 0 -1  0
 0  0 -1
 1  0  0
0.000000 0.000000 0.000000
--- 26 ---
 0  1  0
 0  0  1
-1  0  0
0.000000 0.000000 0.000000
--- 27 ---
 0  0  1
 0 -1  0
 1  0  0
0.000000 0.000000 0.000000
--- 28 ---
 0  0 -1
 0  1  0
-1  0  0
0.000000 0.000000 0.000000
--- 29 ---
 0  1  0
 0  0  1
 1  0  0
0.000000 0.000000 0.000000
--- 30 ---
 0 -1  0
 0  0 -1
-1  0  0
0.000000 0.000000 0.000000
--- 31 ---
 0  0 -1
 0  1  0
 1  0  0
0.000000 0.000000 0.000000
--- 32 ---
 0  0  1
 0 -1  0
-1  0  0
0.000000 0.000000 0.000000
--- 33 ---
 0  0 -1
 1  0  0
 0 -1  0
0.000000 0.000000 0.000000
--- 34 ---
 0  0  1
-1  0  0
 0  1  0
0.000000 0.000000 0.000000
--- 35 ---
 0 -1  0
 1  0  0
 0  0  1
0.000000 0.000000 0.000000
--- 36 ---
 0  1  0
-1  0  0
 0  0 -1
0.000000 0.000000 0.000000
--- 37 ---
 0  0  1
 1  0  0
 0  1  0
0.000000 0.000000 0.000000
--- 38 ---
 0  0 -1
-1  0  0
 0 -1  0
0.000000 0.000000 0.000000
--- 39 ---
 0  1  0
 1  0  0
 0  0 -1
0.000000 0.000000 0.000000
--- 40 ---
 0 -1  0
-1  0  0
 0  0  1
0.000000 0.000000 0.000000
--- 41 ---
 0  0 -1
-1  0  0
 0  1  0
0.000000 0.000000 0.000000
--- 42 ---
 0  0  1
 1  0  0
 0 -1  0
0.000000 0.000000 0.000000
--- 43 ---
 0 -1  0
-1  0  0
 0  0 -1
0.000000 0.000000 0.000000
--- 44 ---
 0  1  0
 1  0  0
 0  0  1
0.000000 0.000000 0.000000
--- 45 ---
 0  0  1
-1  0  0
 0 -1  0
0.000000 0.000000 0.000000
--- 46 ---
 0  0 -1
 1  0  0
 0  1  0
0.000000 0.000000 0.000000
--- 47 ---
 0  1  0
-1  0  0
 0  0  1
0.000000 0.000000 0.000000
--- 48 ---
 0 -1  0
 1  0  0
 0  0 -1
0.000000 0.000000 0.000000
--- 49 ---
 1  0  0
 0  1  0
 0  0  1
0.500000 0.500000 0.500000
--- 50 ---
-1  0  0
 0 -1  0
 0  0 -1
0.500000 0.500000 0.500000
--- 51 ---
 1  0  0
 0  0 -1
 0  1  0
0.500000 0.500000 0.500000
--- 52 ---
-1  0  0
 0  0  1
 0 -1  0
0.500000 0.500000 0.500000
--- 53 ---
 1  0  0
 0 -1  0
 0  0 -1
0.500000 0.500000 0.500000
--- 54 ---
-1  0  0
 0  1  0
 0  0  1
0.500000 0.500000 0.500000
--- 55 ---
 1  0  0
 0  0  1
 0 -1  0
0.500000 0.500000 0.500000
--- 56 ---
-1  0  0
 0  0 -1
 0  1  0
0.500000 0.500000 0.500000
--- 57 ---
-1  0  0
 0 -1  0
 0  0  1
0.500000 0.500000 0.500000
--- 58 ---
 1  0  0
 0  1  0
 0  0 -1
0.500000 0.500000 0.500000
--- 59 ---
-1  0  0
 0  0  1
 0  1  0
0.500000 0.500000 0.500000
--- 60 ---
 1  0  0
 0  0 -1
 0 -1  0
0.500000 0.500000 0.500000
--- 61 ---
-1  0  0
 0  1  0
 0  0 -1
0.500000 0.500000 0.500000
--- 62 ---
 1  0  0
 0 -1  0
 0  0  1
0.500000 0.500000 0.500000
--- 63 ---
-1  0  0
 0  0 -1
 0 -1  0
0.500000 0.500000 0.500000
--- 64 ---
 1  0  0
 0  0  1
 0  1  0
0.500000 0.500000 0.500000
--- 65 ---
 0  1  0
 0  0 -1
-1  0  0
0.500000 0.500000 0.500000
--- 66 ---
 0 -1  0
 0  0  1
 1  0  0
0.500000 0.500000 0.500000
--- 67 ---
 0  0 -1
 0 -1  0
-1  0  0
0.500000 0.500000 0.500000
--- 68 ---
 0  0  1
 0  1  0
 1  0  0
0.500000 0.500000 0.500000
--- 69 ---
 0 -1  0
 0  0  1
-1  0  0
0.500000 0.500000 0.500000
--- 70 ---
 0  1  0
 0  0 -1
 1  0  0
0.500000 0.500000 0.500000
--- 71 ---
 0  0  1
 0  1  0
-1  0  0
0.500000 0.500000 0.500000
--- 72 ---
 0  0 -1
 0 -1  0
 1  0  0
0.500000 0.500000 0.500000
--- 73 ---
 0 -1  0
 0  0 -1
 1  0  0
0.500000 0.500000 0.500000
--- 74 ---
 0  1  0
 0  0  1
-1  0  0
0.500000 0.500000 0.500000
--- 75 ---
 0  0  1
 0 -1  0
 1  0  0
0.500000 0.500000 0.500000
--- 76 ---
 0  0 -1
 0  1  0
-1  0  0
0.500000 0.500000 0.500000
--- 77 ---
 0  1  0
 0  0  1
 1  0  0
0.500000 0.500000 0.500000
--- 78 ---
 0 -1  0
 0  0 -1
-1  0  0
0.500000 0.500000 0.500000
--- 79 ---
 0  0 -1
 0  1  0
 1  0  0
0.500000 0.500000 0.500000
--- 80 ---
 0  0  1
 0 -1  0
-1  0  0
0.500000 0.500000 0.500000
--- 81 ---
 0  0 -1
 1  0  0
 0 -1  0
0.500000 0.500000 0.500000
--- 82 ---
 0  0  1
-1  0  0
 0  1  0
0.500000 0.500000 0.500000
--- 83 ---
 0 -1  0
 1  0  0
 0  0  1
0.500000 0.500000 0.500000
--- 84 ---
 0  1  0
-1  0  0
 0  0 -1
0.500000 0.500000 0.500000
--- 85 ---
 0  0  1
 1  0  0
 0  1  0
0.500000 0.500000 0.500000
--- 86 ---
 0  0 -1
-1  0  0
 0 -1  0
0.500000 0.500000 0.500000
--- 87 ---
 0  1  0
 1  0  0
 0  0 -1
0.500000 0.500000 0.500000
--- 88 ---
 0 -1  0
-1  0  0
 0  0  1
0.500000 0.500000 0.500000
--- 89 ---
 0  0 -1
-1  0  0
 0  1  0
0.500000 0.500000 0.500000
--- 90 ---
 0  0  1
 1  0  0
 0 -1  0
0.500000 0.500000 0.500000
--- 91 ---
 0 -1  0
-1  0  0
 0  0 -1
0.500000 0.500000 0.500000
--- 92 ---
 0  1  0
 1  0  0
 0  0  1
0.500000 0.500000 0.500000
--- 93 ---
 0  0  1
-1  0  0
 0 -1  0
0.500000 0.500000 0.500000
--- 94 ---
 0  0 -1
 1  0  0
 0  1  0
0.500000 0.500000 0.500000
--- 95 ---
 0  1  0
-1  0  0
 0  0  1
0.500000 0.500000 0.500000
--- 96 ---
 0 -1  0
 1  0  0
 0  0 -1
0.500000 0.500000 0.500000
*** Example of spg_get_symmetry_with_spin (BCC antiferro) ***:
--- 1 ---
 1  0  0
 0  1  0
 0  0  1
0.000000 0.000000 0.000000
--- 2 ---
-1  0  0
 0 -1  0
 0  0 -1
0.000000 0.000000 0.000000
--- 3 ---
 1  0  0
 0  0 -1
 0  1  0
0.000000 0.000000 0.000000
--- 4 ---
-1  0  0
 0  0  1
 0 -1  0
0.000000 0.000000 0.000000
--- 5 ---
 1  0  0
 0 -1  0
 0  0 -1
0.000000 0.000000 0.000000
--- 6 ---
-1  0  0
 0  1  0
 0  0  1
0.000000 0.000000 0.000000
--- 7 ---
 1  0  0
 0  0  1
 0 -1  0
0.000000 0.000000 0.000000
--- 8 ---
-1  0  0
 0  0 -1
 0  1  0
0.000000 0.000000 0.000000
--- 9 ---
-1  0  0
 0 -1  0
 0  0  1
0.000000 0.000000 0.000000
--- 10 ---
 1  0  0
 0  1  0
 0  0 -1
0.000000 0.000000 0.000000
--- 11 ---
-1  0  0
 0  0  1
 0  1  0
0.000000 0.000000 0.000000
--- 12 ---
 1  0  0
 0  0 -1
 0 -1  0
0.000000 0.000000 0.000000
--- 13 ---
-1  0  0
 0  1  0
 0  0 -1
0.000000 0.000000 0.000000
--- 14 ---
 1  0  0
 0 -1  0
 0  0  1
0.000000 0.000000 0.000000
--- 15 ---
-1  0  0
 0  0 -1
 0 -1  0
0.000000 0.000000 0.000000
--- 16 ---
 1  0  0
 0  0  1
 0  1  0
0.000000 0.000000 0.000000
--- 17 ---
 0  1  0
 0  0 -1
-1  0  0
0.000000 0.000000 0.000000
--- 18 ---
 0 -1  0
 0  0  1
 1  0  0
0.000000 0.000000 0.000000
--- 19 ---
 0  0 -1
 0 -1  0
-1  0  0
0.000000 0.000000 0.000000
--- 20 ---
 0  0  1
 0  1  0
 1  0  0
0.000000 0.000000 0.000000
--- 21 ---
 0 -1  0
 0  0  1
-1  0  0
0.000000 0.000000 0.000000
--- 22 ---
 0  1  0
 0  0 -1
 1  0  0
0.000000 0.000000 0.000000
--- 23 ---
 0  0  1
 0  1  0
-1  0  0
0.000000 0.000000 0.000000
--- 24 ---
 0  0 -1
 0 -1  0
 1  0  0
0.000000 0.000000 0.000000
--- 25 ---
 0 -1  0
 0  0 -1
 1  0  0
0.000000 0.000000 0.000000
--- 26 ---
 0  1  0
 0  0  1
-1  0  0
0.000000 0.000000 0.000000
--- 27 ---
 0  0  1
 0 -1  0
 1  0  0
0.000000 0.000000 0.000000
--- 28 ---
 0  0 -1
 0  1  0
-1  0  0
0.000000 0.000000 0.000000
--- 29 ---
 0  1  0
 0  0  1
 1  0  0
0.000000 0.000000 0.000000
--- 30 ---
 0 -1  0
 0  0 -1
-1  0  0
0.000000 0.000000 0.000000
--- 31 ---
 0  0 -1
 0  1  0
 1  0  0
0.000000 0.000000 0.000000
--- 32 ---
 0  0  1
 0 -1  0
-1  0  0
0.000000 0.000000 0.000000
--- 33 ---
 0  0 -1
 1  0  0
 0 -1  0
0.000000 0.000000 0.000000
--- 34 ---
 0  0  1
-1  0  0
 0  1  0
0.000000 0.000000 0.000000
--- 35 ---
 0 -1  0
 1  0  0
 0  0  1
0.000000 0.000000 0.000000
--- 36 ---
 0  1  0
-1  0  0
 0  0 -1
0.000000 0.000000 0.000000
--- 37 ---
 0  0  1
 1  0  0
 0  1  0
0.000000 0.000000 0.000000
--- 38 ---
 0  0 -1
-1  0  0
 0 -1  0
0.000000 0.000000 0.000000
--- 39 ---
 0  1  0
 1  0  0
 0  0 -1
0.000000 0.000000 0.000000
--- 40 ---
 0 -1  0
-1  0  0
 0  0  1
0.000000 0.000000 0.000000
--- 41 ---
 0  0 -1
-1  0  0
 0  1  0
0.000000 0.000000 0.000000
--- 42 ---
 0  0  1
 1  0  0
 0 -1  0
0.000000 0.000000 0.000000
--- 43 ---
 0 -1  0
-1  0  0
 0  0 -1
0.000000 0.000000 0.000000
--- 44 ---
 0  1  0
 1  0  0
 0  0  1
0.000000 0.000000 0.000000
--- 45 ---
 0  0  1
-1  0  0
 0 -1  0
0.000000 0.000000 0.000000
--- 46 ---
 0  0 -1
 1  0  0
 0  1  0
0.000000 0.000000 0.000000
--- 47 ---
 0  1  0
-1  0  0
 0  0  1
0.000000 0.000000 0.000000
--- 48 ---
 0 -1  0
 1  0  0
 0  0 -1
0.000000 0.000000 0.000000
--- 49 ---
 1  0  0
 0  1  0
 0  0  1
0.500000 0.500000 0.500000
--- 50 ---
-1  0  0
 0 -1  0
 0  0 -1
0.500000 0.500000 0.500000
--- 51 ---
 1  0  0
 0  0 -1
 0  1  0
0.500000 0.500000 0.500000
--- 52 ---
-1  0  0
 0  0  1
 0 -1  0
0.500000 0.500000 0.500000
--- 53 ---
 1  0  0
 0 -1  0
 0  0 -1
0.500000 0.500000 0.500000
--- 54 ---
-1  0  0
 0  1  0
 0  0  1
0.500000 0.500000 0.500000
--- 55 ---
 1  0  0
 0  0  1
 0 -1  0
0.500000 0.500000 0.500000
--- 56 ---
-1  0  0
 0  0 -1
 0  1  0
0.500000 0.500000 0.500000
--- 57 ---
-1  0  0
 0 -1  0
 0  0  1
0.500000 0.500000 0.500000
--- 58 ---
 1  0  0
 0  1  0
 0  0 -1
0.500000 0.500000 0.500000
--- 59 ---
-1  0  0
 0  0  1
 0  1  0
0.500000 0.500000 0.500000
--- 60 ---
 1  0  0
 0  0 -1
 0 -1  0
0.500000 0.500000 0.500000
--- 61 ---
-1  0  0
 0  1  0
 0  0 -1
0.500000 0.500000 0.500000
--- 62 ---
 1  0  0
 0 -1  0
 0  0  1
0.500000 0.500000 0.500000
--- 63 ---
-1  0  0
 0  0 -1
 0 -1  0
0.500000 0.500000 0.500000
--- 64 ---
 1  0  0
 0  0  1
 0  1  0
0.500000 0.500000 0.500000
--- 65 ---
 0  1  0
 0  0 -1
-1  0  0
0.500000 0.500000 0.500000
--- 66 ---
 0 -1  0
 0  0  1
 1  0  0
0.500000 0.500000 0.500000
--- 67 ---
 0  0 -1
 0 -1  0
-1  0  0
0.500000 0.500000 0.500000
--- 68 ---
 0  0  1
 0  1  0
 1  0  0
0.500000 0.500000 0.500000
--- 69 ---
 0 -1  0
 0  0  1
-1  0  0
0.500000 0.500000 0.500000
--- 70 ---
 0  1  0
 0  0 -1
 1  0  0
0.500000 0.500000 0.500000
--- 71 ---
 0  0  1
 0  1  0
-1  0  0
0.500000 0.500000 0.500000
--- 72 ---
 0  0 -1
 0 -1  0
 1  0  0
0.500000 0.500000 0.500000
--- 73 ---
 0 -1  0
 0  0 -1
 1  0  0
0.500000 0.500000 0.500000
--- 74 ---
 0  1  0
 0  0  1
-1  0  0
0.500000 0.500000 0.500000
--- 75 ---
 0  0  1
 0 -1  0
 1  0  0
0.500000 0.500000 0.500000
--- 76 ---
 0  0 -1
 0  1  0
-1  0  0
0.500000 0.500000 0.500000
--- 77 ---
 0  1  0
 0  0  1
 1  0  0
0.500000 0.500000 0.500000
--- 78 ---
 0 -1  0
 0  0 -1
-1  0  0
0.500000 0.500000 0.500000
--- 79 ---
 0  0 -1
 0  1  0
 1  0  0
0.500000 0.500000 0.500000
--- 80 ---
 0  0  1
 0 -1  0
-1  0  0
0.500000 0.500000 0.500000
--- 81 ---
 0  0 -1
 1  0  0
 0 -1  0
0.500000 0.500000 0.500000
--- 82 ---
 0  0  1
-1  0  0
 0  1  0
0.500000 0.500000 0.500000
--- 83 ---
 0 -1  0
 1  0  0
 0  0  1
0.500000 0.500000 0.500000
--- 84 ---
 0  1  0
-1  0  0
 0  0 -1
0.500000 0.500000 0.500000
--- 85 ---
 0  0  1
 1  0  0
 0  1  0
0.500000 0.500000 0.500000
--- 86 ---
 0  0 -1
-1  0  0
 0 -1  0
0.500000 0.500000 0.500000
--- 87 ---
 0  1  0
 1  0  0
 0  0 -1
0.500000 0.500000 0.500000
--- 88 ---
 0 -1  0
-1  0  0
 0  0  1
0.500000 0.500000 0.500000
--- 89 ---
 0  0 -1
-1  0  0
 0  1  0
0.500000 0.500000 0.500000
--- 90 ---
 0  0  1
 1  0  0
 0 -1  0
0.500000 0.500000 0.500000
--- 91 ---
 0 -1  0
-1  0  0
 0  0 -1
0.500000 0.500000 0.500000
--- 92 ---
 0  1  0
 1  0  0
 0  0  1
0.500000 0.500000 0.500000
--- 93 ---
 0  0  1
-1  0  0
 0 -1  0
0.500000 0.500000 0.500000
--- 94 ---
 0  0 -1
 1  0  0
 0  1  0
0.500000 0.500000 0.500000
--- 95 ---
 0  1  0
-1  0  0
 0  0  1
0.500000 0.500000 0.500000
--- 96 ---
 0 -1  0
 1  0  0
 0  0 -1
0.500000 0.500000 0.500000
*** Example of spg_get_symmetry_with_spin (BCC broken spin) ***:
--- 1 ---
 1  0  0
 0  1  0
 0  0  1
0.000000 0.000000 0.000000
--- 2 ---
-1  0  0
 0 -1  0
 0  0 -1
0.000000 0.000000 0.000000
--- 3 ---
 1  0  0
 0  0 -1
 0  1  0
0.000000 0.000000 0.000000
--- 4 ---
-1  0  0
 0  0  1
 0 -1  0
0.000000 0.000000 0.000000
--- 5 ---
 1  0  0
 0 -1  0
 0  0 -1
0.000000 0.000000 0.000000
--- 6 ---
-1  0  0
 0  1  0
 0  0  1
0.000000 0.000000 0.000000
--- 7 ---
 1  0  0
 0  0  1
 0 -1  0
0.000000 0.000000 0.000000
--- 8 ---
-1  0  0
 0  0 -1
 0  1  0
0.000000 0.000000 0.000000
--- 9 ---
-1  0  0
 0 -1  0
 0  0  1
0.000000 0.000000 0.000000
--- 10 ---
 1  0  0
 0  1  0
 0  0 -1
0.000000 0.000000 0.000000
--- 11 ---
-1  0  0
 0  0  1
 0  1  0
0.000000 0.000000 0.000000
--- 12 ---
 1  0  0
 0  0 -1
 0 -1  0
0.000000 0.000000 0.000000
--- 13 ---
-1  0  0
 0  1  0
 0  0 -1
0.000000 0.000000 0.000000
--- 14 ---
 1  0  0
 0 -1  0
 0  0  1
0.000000 0.000000 0.000000
--- 15 ---
-1  0  0
 0  0 -1
 0 -1  0
0.000000 0.000000 0.000000
--- 16 ---
 1  0  0
 0  0  1
 0  1  0
0.000000 0.000000 0.000000
--- 17 ---
 0  1  0
 0  0 -1
-1  0  0
0.000000 0.000000 0.000000
--- 18 ---
 0 -1  0
 0  0  1
 1  0  0
0.000000 0.000000 0.000000
--- 19 ---
 0  0 -1
 0 -1  0
-1  0  0
0.000000 0.000000 0.000000
--- 20 ---
 0  0  1
 0  1  0
 1  0  0
0.000000 0.000000 0.000000
--- 21 ---
 0 -1  0
 0  0  1
-1  0  0
0.000000 0.000000 0.000000
--- 22 ---
 0  1  0
 0  0 -1
 1  0  0
0.000000 0.000000 0.000000
--- 23 ---
 0  0  1
 0  1  0
-1  0  0
0.000000 0.000000 0.000000
--- 24 ---
 0  0 -1
 0 -1  0
 1  0  0
0.000000 0.000000 0.000000
--- 25 ---
 0 -1  0
 0  0 -1
 1  0  0
0.000000 0.000000 0.000000
--- 26 ---
 0  1  0
 0  0  1
-1  0  0
0.000000 0.000000 0.000000
--- 27 ---
 0  0  1
 0 -1  0
 1  0  0
0.000000 0.000000 0.000000
--- 28 ---
 0  0 -1
 0  1  0
-1  0  0
0.000000 0.000000 0.000000
--- 29 ---
 0  1  0
 0  0  1
 1  0  0
0.000000 0.000000 0.000000
--- 30 ---
 0 -1  0
 0  0 -1
-1  0  0
0.000000 0.000000 0.000000
--- 31 ---
 0  0 -1
 0  1  0
 1  0  0
0.000000 0.000000 0.000000
--- 32 ---
 0  0  1
 0 -1  0
-1  0  0
0.000000 0.000000 0.000000
--- 33 ---
 0  0 -1
 1  0  0
 0 -1  0
0.000000 0.000000 0.000000
--- 34 ---
 0  0  1
-1  0  0
 0  1  0
0.000000 0.000000 0.000000
--- 35 ---
 0 -1  0
 1  0  0
 0  0  1
0.000000 0.000000 0.000000
--- 36 ---
 0  1  0
-1  0  0
 0  0 -1
0.000000 0.000000 0.000000
--- 37 ---
 0  0  1
 1  0  0
 0  1  0
0.000000 0.000000 0.000000
--- 38 ---
 0  0 -1
-1  0  0
 0 -1  0
0.000000 0.000000 0.000000
--- 39 ---
 0  1  0
 1  0  0
 0  0 -1
0.000000 0.000000 0.000000
--- 40 ---
 0 -1  0
-1  0  0
 0  0  1
0.000000 0.000000 0.000000
--- 41 ---
 0  0 -1
-1  0  0
 0  1  0
0.000000 0.000000 0.000000
--- 42 ---
 0  0  1
 1  0  0
 0 -1  0
0.000000 0.000000 0.000000
--- 43 ---
 0 -1  0
-1  0  0
 0  0 -1
0.000000 0.000000 0.000000
--- 44 ---
 0  1  0
 1  0  0
 0  0  1
0.000000 0.000000 0.000000
--- 45 ---
 0  0  1
-1  0  0
 0 -1  0
0.000000 0.000000 0.000000
--- 46 ---
 0  0 -1
 1  0  0
 0  1  0
0.000000 0.000000 0.000000
--- 47 ---
 0  1  0
-1  0  0
 0  0  1
0.000000 0.000000 0.000000
--- 48 ---
 0 -1  0
 1  0  0
 0  0 -1
0.000000 0.000000 0.000000
*** Example of spg_get_international ***:
P4_2/mnm (136)
*** Example of spg_get_schoenflies ***:
Schoenflies: D4h^14
*** Example of spg_get_spacegroup_type ***:
Number:        156
Schoenflies:   C3v^1
International: P 3 m 1
International: P 3 m 1
International: P3m1
Hall symbol:   P 3 -2"
*** Example of spg_get_symmetry_from_database ***:
--- 1 ---
 1  0  0
 0  1  0
 0  0  1
0.000000 0.000000 0.000000
--- 2 ---
-1  0  0
 0 -1  0
 0  0 -1
0.000000 0.000000 0.000000
--- 3 ---
 0 -1  0
 1 -1  0
 0  0  1
0.000000 0.000000 0.000000
--- 4 ---
 0  1  0
-1  1  0
 0  0 -1
0.000000 0.000000 0.000000
--- 5 ---
-1  1  0
-1  0  0
 0  0  1
0.000000 0.000000 0.000000
--- 6 ---
 1 -1  0
 1  0  0
 0  0 -1
0.000000 0.000000 0.000000
--- 7 ---
 0  1  0
 1  0  0
 0  0 -1
0.000000 0.000000 0.500000
--- 8 ---
 0 -1  0
-1  0  0
 0  0  1
0.000000 0.000000 0.500000
--- 9 ---
 1 -1  0
 0 -1  0
 0  0 -1
0.000000 0.000000 0.500000
--- 10 ---
-1  1  0
 0  1  0
 0  0  1
0.000000 0.000000 0.500000
--- 11 ---
-1  0  0
-1  1  0
 0  0 -1
0.000000 0.000000 0.500000
--- 12 ---
 1  0  0
 1 -1  0
 0  0  1
0.000000 0.000000 0.500000
--- 13 ---
 1  0  0
 0  1  0
 0  0  1
0.666667 0.333333 0.333333
--- 14 ---
-1  0  0
 0 -1  0
 0  0 -1
0.666667 0.333333 0.333333
--- 15 ---
 0 -1  0
 1 -1  0
 0  0  1
0.666667 0.333333 0.333333
--- 16 ---
 0  1  0
-1  1  0
 0  0 -1
0.666667 0.333333 0.333333
--- 17 ---
-1  1  0
-1  0  0
 0  0  1
0.666667 0.333333 0.333333
--- 18 ---
 1 -1  0
 1  0  0
 0  0 -1
0.666667 0.333333 0.333333
--- 19 ---
 0  1  0
 1  0  0
 0  0 -1
0.666667 0.333333 0.833333
--- 20 ---
 0 -1  0
-1  0  0
 0  0  1
0.666667 0.333333 0.833333
--- 21 ---
 1 -1  0
 0 -1  0
 0  0 -1
0.666667 0.333333 0.833333
--- 22 ---
-1  1  0
 0  1  0
 0  0  1
0.666667 0.333333 0.833333
--- 23 ---
-1  0  0
-1  1  0
 0  0 -1
0.666667 0.333333 0.833333
--- 24 ---
 1  0  0
 1 -1  0
 0  0  1
0.666667 0.333333 0.833333
--- 25 ---
 1  0  0
 0  1  0
 0  0  1
0.333333 0.666667 0.666667
--- 26 ---
-1  0  0
 0 -1  0
 0  0 -1
0.333333 0.666667 0.666667
--- 27 ---
 0 -1  0
 1 -1  0
 0  0  1
0.333333 0.666667 0.666667
--- 28 ---
 0  1  0
-1  1  0
 0  0 -1
0.333333 0.666667 0.666667
--- 29 ---
-1  1  0
-1  0  0
 0  0  1
0.333333 0.666667 0.666667
--- 30 ---
 1 -1  0
 1  0  0
 0  0 -1
0.333333 0.666667 0.666667
--- 31 ---
 0  1  0
 1  0  0
 0  0 -1
0.333333 0.666667 0.166667
--- 32 ---
 0 -1  0
-1  0  0
 0  0  1
0.333333 0.666667 0.166667
--- 33 ---
 1 -1  0
 0 -1  0
 0  0 -1
0.333333 0.666667 0.166667
--- 34 ---
-1  1  0
 0  1  0
 0  0  1
0.333333 0.666667 0.166667
--- 35 ---
-1  0  0
-1  1  0
 0  0 -1
0.333333 0.666667 0.166667
--- 36 ---
 1  0  0
 1 -1  0
 0  0  1
0.333333 0.666667 0.166667
*** Example of spg_refine_cell ***:
Lattice parameter:
4.000000 0.000000 0.000000
0.000000 4.000000 0.000000
0.000000 0.000000 4.000000
Atomic positions:
1: 0.000000 0.000000 0.000000
1: 0.000000 0.500000 0.500000
1: 0.500000 0.000000 0.500000
1: 0.500000 0.500000 0.000000
*** Example of spg_get_dataset (Rutile two unit cells) ***:
International: P4_2/mnm (136)
Hall symbol:   -P 4n 2n
Point group:   4/mmm
Transformation matrix:
1.000000 0.000000 0.000000
0.000000 1.000000 0.000000
0.000000 0.000000 2.000000
Wyckoff letters:
a a f f f f a a f f f f 
Equivalent atoms:
0 0 2 2 2 2 0 0 2 2 2 2 
--- 1 ---
 1  0  0
 0  1  0
 0  0  1
0.000000 0.000000 0.000000
--- 2 ---
-1  0  0
 0 -1  0
 0  0 -1
0.200000 0.200000 0.000000
--- 3 ---
 0 -1  0
 1  0  0
 0  0  1
0.700000 0.500000 0.250000
--- 4 ---
 0  1  0
-1  0  0
 0  0 -1
0.500000 0.700000 0.250000
--- 5 ---
-1  0  0
 0 -1  0
 0  0  1
0.200000 0.200000 0.000000
--- 6 ---
 1  0  0
 0  1  0
 0  0 -1
0.000000 0.000000 0.000000
--- 7 ---
 0  1  0
-1  0  0
 0  0  1
0.500000 0.700000 0.250000
--- 8 ---
 0 -1  0
 1  0  0
 0  0 -1
0.700000 0.500000 0.250000
--- 9 ---
 1  0  0
 0 -1  0
 0  0 -1
0.500000 0.700000 0.250000
--- 10 ---
-1  0  0
 0  1  0
 0  0  1
0.700000 0.500000 0.250000
--- 11 ---
 0 -1  0
-1  0  0
 0  0 -1
0.200000 0.200000 0.000000
--- 12 ---
 0  1  0
 1  0  0
 0  0  1
0.000000 0.000000 0.000000
--- 13 ---
-1  0  0
 0  1  0
 0  0 -1
0.700000 0.500000 0.250000
--- 14 ---
 1  0  0
 0 -1  0
 0  0  1
0.500000 0.700000 0.250000
--- 15 ---
 0  1  0
 1  0  0
 0  0 -1
0.000000 0.000000 0.000000
--- 16 ---
 0 -1  0
-1  0  0
 0  0  1
0.200000 0.200000 0.000000
--- 17 ---
 1  0  0
 0  1  0
 0  0  1
0.000000 0.000000 0.500000
--- 18 ---
-1  0  0
 0 -1  0
 0  0 -1
0.200000 0.200000 0.500000
--- 19 ---
 0 -1  0
 1  0  0
 0  0  1
0.700000 0.500000 0.750000
--- 20 ---
 0  1  0
-1  0  0
 0  0 -1
0.500000 0.700000 0.750000
--- 21 ---
-1  0  0
 0 -1  0
 0  0  1
0.200000 0.200000 0.500000
--- 22 ---
 1  0  0
 0  1  0
 0  0 -1
0.000000 0.000000 0.500000
--- 23 ---
 0  1  0
-1  0  0
 0  0  1
0.500000 0.700000 0.750000
--- 24 ---
 0 -1  0
 1  0  0
 0  0 -1
0.700000 0.500000 0.750000
--- 25 ---
 1  0  0
 0 -1  0
 0  0 -1
0.500000 0.700000 0.750000
--- 26 ---
-1  0  0
 0  1  0
 0  0  1
0.700000 0.500000 0.750000
--- 27 ---
 0 -1  0
-1  0  0
 0  0 -1
0.200000 0.200000 0.500000
--- 28 ---
 0  1  0
 1  0  0
 0  0  1
0.000000 0.000000 0.500000
--- 29 ---
-1  0  0
 0  1  0
 0  0 -1
0.700000 0.500000 0.750000
--- 30 ---
 1  0  0
 0 -1  0
 0  0  1
0.500000 0.700000 0.750000
--- 31 ---
 0  1  0
 1  0  0
 0  0 -1
0.000000 0.000000 0.500000
--- 32 ---
 0 -1  0
-1  0  0
 0  0  1
0.200000 0.200000 0.500000
International: P3m1 (156)
Hall symbol:   P 3 -2"
Point group:   3m
Transformation matrix:
1.000000 0.000000 0.000000
0.000000 1.000000 0.000000
0.000000 0.000000 1.000000
Wyckoff letters:
a b b c 
Equivalent atoms:
0 1 2 3 
--- 1 ---
 1  0  0
 0  1  0
 0  0  1
0.000000 0.000000 0.000000
--- 2 ---
 0 -1  0
 1 -1  0
 0  0  1
0.200000 0.100000 0.000000
--- 3 ---
-1  1  0
-1  0  0
 0  0  1
0.100000 0.200000 0.000000
--- 4 ---
 0 -1  0
-1  0  0
 0  0  1
0.200000 0.200000 0.000000
--- 5 ---
-1  1  0
 0  1  0
 0  0  1
0.100000 0.000000 0.000000
--- 6 ---
 1  0  0
 1 -1  0
 0  0  1
0.000000 0.100000 0.000000
*** Example of spg_get_ir_reciprocal_mesh of Rutile structure ***:
Number of irreducible k-points of Rutile with
40x40x40 Monkhorst-Pack mesh is 4200 (4200).
*** Example of spg_get_stabilized_reciprocal_mesh of Rutile structure ***:
Number of irreducible k-points stabilized by q=(0, 1/2, 1/2) of Rutile with
40x40x40 Monkhorst-Pack mesh is 8000 (8000).
*** Example of spg_relocate_BZ_grid_address of NaCl structure ***:
Number of k-points of NaCl Brillouin zone
with Gamma-centered 40x40x40 Monkhorst-Pack mesh is 65861 (65861).
*** Example of spg_get_error_message ***:
Primitive cell was not found.
too close distance between atoms
